[debug] [2025-12-22T17:22:34.092Z] ----------------------------------------------------------------------
[debug] [2025-12-22T17:22:34.096Z] Command:       C:\Program Files\nodejs\node.exe C:\Users\TECNICA.04-0533\AppData\Roaming\npm\node_modules\firebase-tools\lib\bin\firebase.js init
[debug] [2025-12-22T17:22:34.097Z] CLI Version:   15.1.0
[debug] [2025-12-22T17:22:34.097Z] Platform:      win32
[debug] [2025-12-22T17:22:34.097Z] Node Version:  v24.12.0
[debug] [2025-12-22T17:22:34.097Z] Time:          Mon Dec 22 2025 14:22:34 GMT-0300 (hora estándar de Argentina)
[debug] [2025-12-22T17:22:34.097Z] ----------------------------------------------------------------------
[debug] 
[info] 
     ######## #### ########  ######## ########     ###     ######  ########
     ##        ##  ##     ## ##       ##     ##  ##   ##  ##       ##
     ######    ##  ########  ######   ########  #########  ######  ######
     ##        ##  ##    ##  ##       ##     ## ##     ##       ## ##
     ##       #### ##     ## ######## ########  ##     ##  ######  ########

You're about to initialize a Firebase project in this directory:

  C:\Repositorio\equipamiento

Before we get started, keep in mind:

  * You are currently outside your home directory

[info] 
=== Project Setup
[info] 
[info] First, let's associate this project directory with a Firebase project.
[info] You can create multiple project aliases by running firebase use --add, 
[info] 
[debug] [2025-12-22T17:23:03.184Z] > command requires scopes: ["email","openid","https://www.googleapis.com/auth/cloudplatformprojects.readonly","https://www.googleapis.com/auth/firebase","https://www.googleapis.com/auth/cloud-platform"]
[debug] [2025-12-22T17:23:03.185Z] > authorizing via signed-in user (tecnofusion.it@gmail.com)
[debug] [2025-12-22T17:23:03.187Z] Checked if tokens are valid: true, expires at: 1766427714124
[debug] [2025-12-22T17:23:03.187Z] Checked if tokens are valid: true, expires at: 1766427714124
[debug] [2025-12-22T17:23:03.188Z] >>> [apiv2][query] GET https://firebase.googleapis.com/v1beta1/projects pageSize=100
[debug] [2025-12-22T17:23:03.930Z] <<< [apiv2][status] GET https://firebase.googleapis.com/v1beta1/projects 200
[debug] [2025-12-22T17:23:03.930Z] <<< [apiv2][body] GET https://firebase.googleapis.com/v1beta1/projects [omitted]
[info] 
=== Hosting Setup
[debug] [2025-12-22T17:23:06.075Z] Checked if tokens are valid: true, expires at: 1766427714124
[debug] [2025-12-22T17:23:06.075Z] Checked if tokens are valid: true, expires at: 1766427714124
[debug] [2025-12-22T17:23:06.075Z] >>> [apiv2][query] GET https://firebase.googleapis.com/v1beta1/projects/crev-system [none]
[debug] [2025-12-22T17:23:06.405Z] <<< [apiv2][status] GET https://firebase.googleapis.com/v1beta1/projects/crev-system 200
[debug] [2025-12-22T17:23:06.405Z] <<< [apiv2][body] GET https://firebase.googleapis.com/v1beta1/projects/crev-system {"projectId":"crev-system","projectNumber":"126976468684","displayName":"crev-system","name":"projects/crev-system","resources":{"hostingSite":"crev-system"},"state":"ACTIVE","etag":"1_f82913be-f441-4f0f-892c-8d4a232bdc70"}
[info] 
[info] Your public directory is the folder (relative to your project directory) that
[info] will contain Hosting assets to be uploaded with firebase deploy. If you
[info] have a build process for your assets, use your build's output directory.
[info] 
[info] 
[info] i  Detected a .git folder at C:\Repositorio\equipamiento 
[info] i  Authorizing with GitHub to upload your service account to a GitHub repository's secrets store. 
[info] 
[info] Visit this URL on this device to log in:
[info] https://github.com/login/oauth/authorize?client_id=89cf50f02ac6aaed3484&state=893183434&redirect_uri=http%3A%2F%2Flocalhost%3A9005&scope=read%3Auser%20repo%20public_repo
[info] 
[info] Waiting for authentication...
[debug] [2025-12-22T17:23:37.344Z] >>> [apiv2][query] POST https://github.com/login/oauth/access_token [none]
[debug] [2025-12-22T17:23:37.345Z] >>> [apiv2][body] POST https://github.com/login/oauth/access_token [stream]
[debug] [2025-12-22T17:23:37.770Z] <<< [apiv2][status] POST https://github.com/login/oauth/access_token 200
[debug] [2025-12-22T17:23:37.770Z] <<< [apiv2][body] POST https://github.com/login/oauth/access_token {"access_token":"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","token_type":"bearer","scope":"read:user,repo"}
[debug] [2025-12-22T17:23:37.775Z] >>> [apiv2][query] GET https://api.github.com/user [none]
[debug] [2025-12-22T17:23:38.259Z] <<< [apiv2][status] GET https://api.github.com/user 200
[debug] [2025-12-22T17:23:38.259Z] <<< [apiv2][body] GET https://api.github.com/user {"login":"jonatha1992","id":77857658,"node_id":"MDQ6VXNlcjc3ODU3NjU4","avatar_url":"https://avatars.githubusercontent.com/u/77857658?v=4","gravatar_id":"","url":"https://api.github.com/users/jonatha1992","html_url":"https://github.com/jonatha1992","followers_url":"https://api.github.com/users/jonatha1992/followers","following_url":"https://api.github.com/users/jonatha1992/following{/other_user}","gists_url":"https://api.github.com/users/jonatha1992/gists{/gist_id}","starred_url":"https://api.github.com/users/jonatha1992/starred{/owner}{/repo}","subscriptions_url":"https://api.github.com/users/jonatha1992/subscriptions","organizations_url":"https://api.github.com/users/jonatha1992/orgs","repos_url":"https://api.github.com/users/jonatha1992/repos","events_url":"https://api.github.com/users/jonatha1992/events{/privacy}","received_events_url":"https://api.github.com/users/jonatha1992/received_events","type":"User","user_view_type":"private","site_admin":false,"name":"Jonathan Correa","company":"tecnofuision-it","blog":"https://portfolio-correa-jonathan.web.app/","location":"Buenos Argentina","email":null,"hireable":null,"bio":"I am a programmer analyst and computer systems engineering student, I like having new challenges and learning new things all the time","twitter_username":null,"notification_email":null,"public_repos":36,"public_gists":0,"followers":1,"following":0,"created_at":"2021-01-22T19:48:51Z","updated_at":"2025-12-22T17:23:31Z","private_gists":0,"total_private_repos":19,"owned_private_repos":19,"disk_usage":3448950,"collaborators":1,"two_factor_authentication":true,"plan":{"name":"free","space":976562499,"collaborators":0,"private_repos":10000}}
[info] 
[info] +  Success! Logged into GitHub as jonatha1992 
[info] 
[debug] [2025-12-22T17:23:56.334Z] ExitPromptError: User force closed the prompt with SIGINT
    at Interface.sigint (C:\Users\TECNICA.04-0533\AppData\Roaming\npm\node_modules\firebase-tools\node_modules\@inquirer\core\dist\commonjs\lib\create-prompt.js:101:37)
    at Interface.emit (node:events:508:28)
    at [_ttyWrite] [as _ttyWrite] (node:internal/readline/interface:1327:18)
    at ReadStream.onkeypress (node:internal/readline/interface:284:20)
    at ReadStream.emit (node:events:520:35)
    at emitKeys (node:internal/readline/utils:371:14)
    at emitKeys.next (<anonymous>)
    at ReadStream.onData (node:internal/readline/emitKeypressEvents:64:36)
    at ReadStream.emit (node:events:508:28)
    at addChunk (node:internal/streams/readable:559:12)
[error] 
[error] Error: An unexpected error has occurred.
