Watching for file changes with StatReloader
System check identified some issues:

WARNINGS:
?: (staticfiles.W004) The directory 'C:\Repositorio\gestorcoc\backend\src\core\static' in the STATICFILES_DIRS setting does not exist.

System check identified 1 issue (0 silenced).
[27/Feb/2026 07:23:46] "GET /api/novedades/ HTTP/1.1" 200 8041
[27/Feb/2026 07:23:46] "GET /api/servers/ HTTP/1.1" 200 18748
[27/Feb/2026 07:23:46] "GET /api/systems/ HTTP/1.1" 200 20094
[27/Feb/2026 07:23:47] "GET /api/cameras/ HTTP/1.1" 200 16175
[27/Feb/2026 07:23:47] "GET /api/people/ HTTP/1.1" 200 46595
[27/Feb/2026 07:23:56] "GET /api/cameraman-gear/ HTTP/1.1" 200 823
[27/Feb/2026 07:23:56] "GET /api/novedades/ HTTP/1.1" 200 8041
[27/Feb/2026 07:23:56] "GET /api/servers/ HTTP/1.1" 200 18748
[27/Feb/2026 07:23:56] "GET /api/systems/ HTTP/1.1" 200 20094
[27/Feb/2026 07:23:57] "GET /api/cameras/ HTTP/1.1" 200 16175
[27/Feb/2026 07:24:04] "GET /api/novedades/ HTTP/1.1" 200 8041
[27/Feb/2026 07:24:04] "GET /api/servers/ HTTP/1.1" 200 18748
[27/Feb/2026 07:24:04] "GET /api/systems/ HTTP/1.1" 200 20094
[27/Feb/2026 07:24:04] "GET /api/cameras/ HTTP/1.1" 200 16175
[27/Feb/2026 07:24:04] "GET /api/people/ HTTP/1.1" 200 46595
[27/Feb/2026 07:24:10] "GET /api/cameraman-gear/ HTTP/1.1" 200 823
[27/Feb/2026 07:24:10] "GET /api/units/ HTTP/1.1" 200 368
[27/Feb/2026 07:24:10] "GET /api/systems/ HTTP/1.1" 200 20094
[27/Feb/2026 07:24:29] "OPTIONS /api/systems/ HTTP/1.1" 200 0
[27/Feb/2026 07:24:29] "POST /api/systems/ HTTP/1.1" 201 280
[27/Feb/2026 07:24:29] "GET /api/cameraman-gear/ HTTP/1.1" 200 823
[27/Feb/2026 07:24:29] "GET /api/units/ HTTP/1.1" 200 368
[27/Feb/2026 07:24:29] "GET /api/systems/ HTTP/1.1" 200 20375
[27/Feb/2026 07:24:52] "OPTIONS /api/servers/ HTTP/1.1" 200 0
[27/Feb/2026 07:24:53] "POST /api/servers/ HTTP/1.1" 201 246
[27/Feb/2026 07:24:53] "GET /api/cameraman-gear/ HTTP/1.1" 200 823
[27/Feb/2026 07:24:53] "GET /api/units/ HTTP/1.1" 200 368
[27/Feb/2026 07:24:53] "GET /api/systems/ HTTP/1.1" 200 20621
[27/Feb/2026 07:25:13] "OPTIONS /api/cameras/ HTTP/1.1" 200 0
[27/Feb/2026 07:25:13] "POST /api/cameras/ HTTP/1.1" 201 313
[27/Feb/2026 07:25:13] "GET /api/units/ HTTP/1.1" 200 368
[27/Feb/2026 07:25:13] "GET /api/cameraman-gear/ HTTP/1.1" 200 823
[27/Feb/2026 07:25:13] "GET /api/systems/ HTTP/1.1" 200 20934
[27/Feb/2026 07:25:36] "OPTIONS /api/cameraman-gear/ HTTP/1.1" 200 0
[27/Feb/2026 07:25:36] "POST /api/cameraman-gear/ HTTP/1.1" 201 230
[27/Feb/2026 07:25:36] "GET /api/cameraman-gear/ HTTP/1.1" 200 1054
[27/Feb/2026 07:25:36] "GET /api/units/ HTTP/1.1" 200 368
[27/Feb/2026 07:25:36] "GET /api/systems/ HTTP/1.1" 200 20934
[27/Feb/2026 07:25:46] "OPTIONS /api/cameraman-gear/25/ HTTP/1.1" 200 0
[27/Feb/2026 07:25:46] "PUT /api/cameraman-gear/25/ HTTP/1.1" 200 235
[27/Feb/2026 07:25:46] "GET /api/units/ HTTP/1.1" 200 368
[27/Feb/2026 07:25:46] "GET /api/cameraman-gear/ HTTP/1.1" 200 1059
[27/Feb/2026 07:25:46] "GET /api/systems/ HTTP/1.1" 200 20934
[27/Feb/2026 07:25:57] "GET /api/units/ HTTP/1.1" 200 368
[27/Feb/2026 07:25:57] "GET /api/systems/ HTTP/1.1" 200 20934
[27/Feb/2026 07:25:57] "GET /api/people/ HTTP/1.1" 200 46595
[27/Feb/2026 07:26:18] "OPTIONS /api/people/ HTTP/1.1" 200 0
[27/Feb/2026 07:26:18] "POST /api/people/ HTTP/1.1" 201 208
[27/Feb/2026 07:26:18] "GET /api/people/ HTTP/1.1" 200 46804
[27/Feb/2026 07:26:31] "OPTIONS /api/people/186/ HTTP/1.1" 200 0
[27/Feb/2026 07:26:31] "PUT /api/people/186/ HTTP/1.1" 200 217
[27/Feb/2026 07:26:31] "GET /api/people/ HTTP/1.1" 200 46813
[27/Feb/2026 07:26:36] "PUT /api/people/186/ HTTP/1.1" 200 218
[27/Feb/2026 07:26:36] "GET /api/people/ HTTP/1.1" 200 46814
[27/Feb/2026 07:26:42] "GET /api/film-records/ HTTP/1.1" 200 45322
[27/Feb/2026 07:26:42] "GET /api/cameras/ HTTP/1.1" 200 16489
[27/Feb/2026 07:26:42] "GET /api/people/ HTTP/1.1" 200 46814
[27/Feb/2026 07:27:06] "OPTIONS /api/film-records/ HTTP/1.1" 200 0
[27/Feb/2026 07:27:06] "POST /api/film-records/ HTTP/1.1" 201 878
[27/Feb/2026 07:27:06] "GET /api/film-records/ HTTP/1.1" 200 46201
[27/Feb/2026 07:27:11] "GET /api/cameraman-gear/ HTTP/1.1" 200 1059
[27/Feb/2026 07:27:12] "GET /api/novedades/ HTTP/1.1" 200 8041
[27/Feb/2026 07:27:12] "GET /api/servers/ HTTP/1.1" 200 19308
[27/Feb/2026 07:27:12] "GET /api/systems/ HTTP/1.1" 200 20934
[27/Feb/2026 07:27:12] "GET /api/cameras/ HTTP/1.1" 200 16489
[27/Feb/2026 07:27:42] "OPTIONS /api/novedades/ HTTP/1.1" 200 0
[27/Feb/2026 07:27:42] "POST /api/novedades/ HTTP/1.1" 201 372
[27/Feb/2026 07:27:42] "GET /api/novedades/ HTTP/1.1" 200 8414
[27/Feb/2026 07:28:03] "OPTIONS /api/novedades/71/ HTTP/1.1" 200 0
[27/Feb/2026 07:28:03] "PUT /api/novedades/71/ HTTP/1.1" 200 370
[27/Feb/2026 07:28:03] "GET /api/novedades/ HTTP/1.1" 200 8412
[27/Feb/2026 07:28:30] "DELETE /api/novedades/71/ HTTP/1.1" 204 0
[27/Feb/2026 07:28:30] "GET /api/novedades/ HTTP/1.1" 200 8041
[27/Feb/2026 07:28:43] "GET /api/cameras/ HTTP/1.1" 200 16489
[27/Feb/2026 07:28:43] "GET /api/hechos/ HTTP/1.1" 200 73683
[27/Feb/2026 07:29:04] "OPTIONS /api/hechos/ HTTP/1.1" 200 0
[27/Feb/2026 07:29:04] "POST /api/hechos/ HTTP/1.1" 201 421
[27/Feb/2026 07:29:04] "GET /api/hechos/ HTTP/1.1" 200 74105
[27/Feb/2026 07:29:18] "OPTIONS /api/hechos/26/ HTTP/1.1" 200 0
[27/Feb/2026 07:29:18] "PATCH /api/hechos/26/ HTTP/1.1" 200 425
[27/Feb/2026 07:29:18] "GET /api/hechos/ HTTP/1.1" 200 74109
[27/Feb/2026 07:29:30] "DELETE /api/hechos/26/ HTTP/1.1" 204 0
[27/Feb/2026 07:29:31] "GET /api/hechos/ HTTP/1.1" 200 73683
[27/Feb/2026 07:30:01] "GET /api/units/ HTTP/1.1" 200 368
[27/Feb/2026 07:30:01] "GET /api/people/ HTTP/1.1" 200 46814
[27/Feb/2026 07:30:29] "OPTIONS /api/video-analysis-improve-text/ HTTP/1.1" 200 0
[27/Feb/2026 07:30:36] "POST /api/video-analysis-improve-text/ HTTP/1.1" 200 767
[27/Feb/2026 07:31:41] "POST /api/video-analysis-improve-text/ HTTP/1.1" 200 605
[27/Feb/2026 07:31:42] "POST /api/video-analysis-improve-text/ HTTP/1.1" 200 599
[27/Feb/2026 07:32:19] "GET /api/servers/ HTTP/1.1" 200 19308
[27/Feb/2026 07:32:19] "GET /api/systems/ HTTP/1.1" 200 20934
[27/Feb/2026 07:32:19] "GET /api/novedades/ HTTP/1.1" 200 8041
[27/Feb/2026 07:32:19] "GET /api/cameras/ HTTP/1.1" 200 16489
[27/Feb/2026 07:32:19] "GET /api/people/ HTTP/1.1" 200 46814
[27/Feb/2026 07:34:07] "GET /api/film-records/ HTTP/1.1" 200 46201
[27/Feb/2026 07:34:07] "DELETE /api/film-records/141/ HTTP/1.1" 204 0
[27/Feb/2026 07:34:07] "GET /api/novedades/ HTTP/1.1" 200 8041
[27/Feb/2026 07:34:08] "GET /api/hechos/ HTTP/1.1" 200 73683
[27/Feb/2026 07:34:08] "GET /api/people/ HTTP/1.1" 200 46814
[27/Feb/2026 07:34:08] "DELETE /api/people/186/ HTTP/1.1" 204 0
[27/Feb/2026 07:34:08] "GET /api/cameras/ HTTP/1.1" 200 16489
[27/Feb/2026 07:34:08] "DELETE /api/cameras/1971/ HTTP/1.1" 204 0
[27/Feb/2026 07:34:08] "GET /api/servers/ HTTP/1.1" 200 18995
[27/Feb/2026 07:34:08] "DELETE /api/servers/155/ HTTP/1.1" 204 0
[27/Feb/2026 07:34:08] "GET /api/systems/ HTTP/1.1" 200 20375
[27/Feb/2026 07:34:08] "DELETE /api/systems/43/ HTTP/1.1" 204 0
[27/Feb/2026 07:34:08] "GET /api/cameraman-gear/ HTTP/1.1" 200 1059
[27/Feb/2026 07:34:08] "DELETE /api/cameraman-gear/25/ HTTP/1.1" 204 0
[27/Feb/2026 07:34:08] "GET /api/film-records/ HTTP/1.1" 200 45322
[27/Feb/2026 07:34:09] "GET /api/people/ HTTP/1.1" 200 46595
[27/Feb/2026 07:34:09] "GET /api/cameras/ HTTP/1.1" 200 16175
[27/Feb/2026 07:34:09] "GET /api/servers/ HTTP/1.1" 200 18748
[27/Feb/2026 07:34:09] "GET /api/systems/ HTTP/1.1" 200 20094
[27/Feb/2026 07:34:09] "GET /api/cameraman-gear/ HTTP/1.1" 200 823
[27/Feb/2026 07:34:09] "GET /api/novedades/ HTTP/1.1" 200 8041
[27/Feb/2026 07:34:09] "GET /api/hechos/ HTTP/1.1" 200 73683
[27/Feb/2026 07:34:09,690] - Broken pipe from ('127.0.0.1', 50874)
[27/Feb/2026 07:34:21] "GET /api/units/ HTTP/1.1" 200 368
[27/Feb/2026 07:34:21] "GET /api/cameraman-gear/ HTTP/1.1" 200 823
[27/Feb/2026 07:34:21] "GET /api/systems/ HTTP/1.1" 200 20094
